This is pdfTeX, Version 3.141592653-2.6-1.40.24 (TeX Live 2022) (preloaded format=pdflatex 2022.4.21)  7 MAY 2022 02:49
entering extended mode
 restricted \write18 enabled.
 file:line:error style messages enabled.
 %&-line parsing enabled.
**/Users/dpatel/Desktop/Projects/VFML/advance-topomap/final_report/report.tex
(/Users/dpatel/Desktop/Projects/VFML/advance-topomap/final_report/report.tex
LaTeX2e <2021-11-15> patch level 1
L3 programming layer <2022-02-24> (/usr/local/texlive/2022/texmf-dist/tex/latex/base/article.cls
Document Class: article 2021/10/04 v1.4n Standard LaTeX document class
(/usr/local/texlive/2022/texmf-dist/tex/latex/base/size11.clo
File: size11.clo 2021/10/04 v1.4n Standard LaTeX file (size option)
)
\c@part=\count185
\c@section=\count186
\c@subsection=\count187
\c@subsubsection=\count188
\c@paragraph=\count189
\c@subparagraph=\count190
\c@figure=\count191
\c@table=\count192
\abovecaptionskip=\skip47
\belowcaptionskip=\skip48
\bibindent=\dimen138
) (/usr/local/texlive/2022/texmf-dist/tex/latex/geometry/geometry.sty
Package: geometry 2020/01/02 v5.9 Page Geometry
 (/usr/local/texlive/2022/texmf-dist/tex/latex/graphics/keyval.sty
Package: keyval 2014/10/28 v1.15 key=value parser (DPC)
\KV@toks@=\toks16
) (/usr/local/texlive/2022/texmf-dist/tex/generic/iftex/ifvtex.sty
Package: ifvtex 2019/10/25 v1.7 ifvtex legacy package. Use iftex instead.
 (/usr/local/texlive/2022/texmf-dist/tex/generic/iftex/iftex.sty
Package: iftex 2022/02/03 v1.0f TeX engine tests
))
\Gm@cnth=\count193
\Gm@cntv=\count194
\c@Gm@tempcnt=\count195
\Gm@bindingoffset=\dimen139
\Gm@wd@mp=\dimen140
\Gm@odd@mp=\dimen141
\Gm@even@mp=\dimen142
\Gm@layoutwidth=\dimen143
\Gm@layoutheight=\dimen144
\Gm@layouthoffset=\dimen145
\Gm@layoutvoffset=\dimen146
\Gm@dimlist=\toks17
) (/usr/local/texlive/2022/texmf-dist/tex/latex/preprint/authblk.sty
Package: authblk 2001/02/27 1.3 (PWD)
\affilsep=\skip49
\@affilsep=\skip50
\c@Maxaffil=\count196
\c@authors=\count197
\c@affil=\count198
) (/usr/local/texlive/2022/texmf-dist/tex/latex/tools/multicol.sty
Package: multicol 2021/10/28 v1.9b multicolumn formatting (FMi)
\c@tracingmulticols=\count199
\mult@box=\box50
\multicol@leftmargin=\dimen147
\c@unbalance=\count266
\c@collectmore=\count267
\doublecol@number=\count268
\multicoltolerance=\count269
\multicolpretolerance=\count270
\full@width=\dimen148
\page@free=\dimen149
\premulticols=\dimen150
\postmulticols=\dimen151
\multicolsep=\skip51
\multicolbaselineskip=\skip52
\partial@page=\box51
\last@line=\box52
\maxbalancingoverflow=\dimen152
\mult@rightbox=\box53
\mult@grightbox=\box54
\mult@firstbox=\box55
\mult@gfirstbox=\box56
\@tempa=\box57
\@tempa=\box58
\@tempa=\box59
\@tempa=\box60
\@tempa=\box61
\@tempa=\box62
\@tempa=\box63
\@tempa=\box64
\@tempa=\box65
\@tempa=\box66
\@tempa=\box67
\@tempa=\box68
\@tempa=\box69
\@tempa=\box70
\@tempa=\box71
\@tempa=\box72
\@tempa=\box73
\@tempa=\box74
\@tempa=\box75
\@tempa=\box76
\@tempa=\box77
\@tempa=\box78
\@tempa=\box79
\@tempa=\box80
\@tempa=\box81
\@tempa=\box82
\@tempa=\box83
\@tempa=\box84
\@tempa=\box85
\@tempa=\box86
\@tempa=\box87
\@tempa=\box88
\@tempa=\box89
\@tempa=\box90
\@tempa=\box91
\@tempa=\box92
\c@minrows=\count271
\c@columnbadness=\count272
\c@finalcolumnbadness=\count273
\last@try=\dimen153
\multicolovershoot=\dimen154
\multicolundershoot=\dimen155
\mult@nat@firstbox=\box93
\colbreak@box=\box94
\mc@col@check@num=\count274
) (/usr/local/texlive/2022/texmf-dist/tex/latex/caption/caption.sty
Package: caption 2022/03/01 v3.6b Customizing captions (AR)
 (/usr/local/texlive/2022/texmf-dist/tex/latex/caption/caption3.sty
Package: caption3 2022/03/17 v2.3b caption3 kernel (AR)
\caption@tempdima=\dimen156
\captionmargin=\dimen157
\caption@leftmargin=\dimen158
\caption@rightmargin=\dimen159
\caption@width=\dimen160
\caption@indent=\dimen161
\caption@parindent=\dimen162
\caption@hangindent=\dimen163
Package caption Info: Standard document class detected.
)
\c@caption@flags=\count275
\c@continuedfloat=\count276
) (/usr/local/texlive/2022/texmf-dist/tex/latex/caption/subcaption.sty
Package: subcaption 2022/01/07 v1.5 Sub-captions (AR)
\c@subfigure=\count277
\c@subtable=\count278
) (/usr/local/texlive/2022/texmf-dist/tex/latex/graphics/graphicx.sty
Package: graphicx 2021/09/16 v1.2d Enhanced LaTeX Graphics (DPC,SPQR)
 (/usr/local/texlive/2022/texmf-dist/tex/latex/graphics/graphics.sty
Package: graphics 2021/03/04 v1.4d Standard LaTeX Graphics (DPC,SPQR)
 (/usr/local/texlive/2022/texmf-dist/tex/latex/graphics/trig.sty
Package: trig 2021/08/11 v1.11 sin cos tan (DPC)
) (/usr/local/texlive/2022/texmf-dist/tex/latex/graphics-cfg/graphics.cfg
File: graphics.cfg 2016/06/04 v1.11 sample graphics configuration
)
Package graphics Info: Driver file: pdftex.def on input line 107.
 (/usr/local/texlive/2022/texmf-dist/tex/latex/graphics-def/pdftex.def
File: pdftex.def 2020/10/05 v1.2a Graphics/color driver for pdftex
))
\Gin@req@height=\dimen164
\Gin@req@width=\dimen165
) (/usr/local/texlive/2022/texmf-dist/tex/latex/hyperref/hyperref.sty
Package: hyperref 2022-02-21 v7.00n Hypertext links for LaTeX
 (/usr/local/texlive/2022/texmf-dist/tex/generic/ltxcmds/ltxcmds.sty
Package: ltxcmds 2020-05-10 v1.25 LaTeX kernel commands for general use (HO)
) (/usr/local/texlive/2022/texmf-dist/tex/generic/pdftexcmds/pdftexcmds.sty
Package: pdftexcmds 2020-06-27 v0.33 Utility functions of pdfTeX for LuaTeX (HO)
 (/usr/local/texlive/2022/texmf-dist/tex/generic/infwarerr/infwarerr.sty
Package: infwarerr 2019/12/03 v1.5 Providing info/warning/error messages (HO)
)
Package pdftexcmds Info: \pdf@primitive is available.
Package pdftexcmds Info: \pdf@ifprimitive is available.
Package pdftexcmds Info: \pdfdraftmode found.
) (/usr/local/texlive/2022/texmf-dist/tex/generic/kvsetkeys/kvsetkeys.sty
Package: kvsetkeys 2019/12/15 v1.18 Key value parser (HO)
) (/usr/local/texlive/2022/texmf-dist/tex/generic/kvdefinekeys/kvdefinekeys.sty
Package: kvdefinekeys 2019-12-19 v1.6 Define keys (HO)
) (/usr/local/texlive/2022/texmf-dist/tex/generic/pdfescape/pdfescape.sty
Package: pdfescape 2019/12/09 v1.15 Implements pdfTeX's escape features (HO)
) (/usr/local/texlive/2022/texmf-dist/tex/latex/hycolor/hycolor.sty
Package: hycolor 2020-01-27 v1.10 Color options for hyperref/bookmark (HO)
) (/usr/local/texlive/2022/texmf-dist/tex/latex/letltxmacro/letltxmacro.sty
Package: letltxmacro 2019/12/03 v1.6 Let assignment for LaTeX macros (HO)
) (/usr/local/texlive/2022/texmf-dist/tex/latex/auxhook/auxhook.sty
Package: auxhook 2019-12-17 v1.6 Hooks for auxiliary files (HO)
) (/usr/local/texlive/2022/texmf-dist/tex/latex/kvoptions/kvoptions.sty
Package: kvoptions 2020-10-07 v3.14 Key value format for package options (HO)
)
\@linkdim=\dimen166
\Hy@linkcounter=\count279
\Hy@pagecounter=\count280
 (/usr/local/texlive/2022/texmf-dist/tex/latex/hyperref/pd1enc.def
File: pd1enc.def 2022-02-21 v7.00n Hyperref: PDFDocEncoding definition (HO)
Now handling font encoding PD1 ...
... no UTF-8 mapping file for font encoding PD1
) (/usr/local/texlive/2022/texmf-dist/tex/generic/intcalc/intcalc.sty
Package: intcalc 2019/12/15 v1.3 Expandable calculations with integers (HO)
) (/usr/local/texlive/2022/texmf-dist/tex/generic/etexcmds/etexcmds.sty
Package: etexcmds 2019/12/15 v1.7 Avoid name clashes with e-TeX commands (HO)
)
\Hy@SavedSpaceFactor=\count281
 (/usr/local/texlive/2022/texmf-dist/tex/latex/hyperref/puenc.def
File: puenc.def 2022-02-21 v7.00n Hyperref: PDF Unicode definition (HO)
Now handling font encoding PU ...
... no UTF-8 mapping file for font encoding PU
)
Package hyperref Info: Hyper figures OFF on input line 4137.
Package hyperref Info: Link nesting OFF on input line 4142.
Package hyperref Info: Hyper index ON on input line 4145.
Package hyperref Info: Plain pages OFF on input line 4152.
Package hyperref Info: Backreferencing OFF on input line 4157.
Package hyperref Info: Implicit mode ON; LaTeX internals redefined.
Package hyperref Info: Bookmarks ON on input line 4390.
\c@Hy@tempcnt=\count282
 (/usr/local/texlive/2022/texmf-dist/tex/latex/url/url.sty
\Urlmuskip=\muskip16
Package: url 2013/09/16  ver 3.4  Verb mode for urls, etc.
)
LaTeX Info: Redefining \url on input line 4749.
\XeTeXLinkMargin=\dimen167
 (/usr/local/texlive/2022/texmf-dist/tex/generic/bitset/bitset.sty
Package: bitset 2019/12/09 v1.3 Handle bit-vector datatype (HO)
 (/usr/local/texlive/2022/texmf-dist/tex/generic/bigintcalc/bigintcalc.sty
Package: bigintcalc 2019/12/15 v1.5 Expandable calculations on big integers (HO)
))
\Fld@menulength=\count283
\Field@Width=\dimen168
\Fld@charsize=\dimen169
Package hyperref Info: Hyper figures OFF on input line 6027.
Package hyperref Info: Link nesting OFF on input line 6032.
Package hyperref Info: Hyper index ON on input line 6035.
Package hyperref Info: backreferencing OFF on input line 6042.
Package hyperref Info: Link coloring OFF on input line 6047.
Package hyperref Info: Link coloring with OCG OFF on input line 6052.
Package hyperref Info: PDF/A mode OFF on input line 6057.
LaTeX Info: Redefining \ref on input line 6097.
LaTeX Info: Redefining \pageref on input line 6101.
 (/usr/local/texlive/2022/texmf-dist/tex/latex/base/atbegshi-ltx.sty
Package: atbegshi-ltx 2021/01/10 v1.0c Emulation of the original atbegshi
package with kernel methods
)
\Hy@abspage=\count284
\c@Item=\count285
\c@Hfootnote=\count286
)
Package hyperref Info: Driver (autodetected): hpdftex.
 (/usr/local/texlive/2022/texmf-dist/tex/latex/hyperref/hpdftex.def
File: hpdftex.def 2022-02-21 v7.00n Hyperref driver for pdfTeX
 (/usr/local/texlive/2022/texmf-dist/tex/latex/base/atveryend-ltx.sty
Package: atveryend-ltx 2020/08/19 v1.0a Emulation of the original atveryend package
with kernel methods
)
\Fld@listcount=\count287
\c@bookmark@seq@number=\count288
 (/usr/local/texlive/2022/texmf-dist/tex/latex/rerunfilecheck/rerunfilecheck.sty
Package: rerunfilecheck 2019/12/05 v1.9 Rerun checks for auxiliary files (HO)
 (/usr/local/texlive/2022/texmf-dist/tex/generic/uniquecounter/uniquecounter.sty
Package: uniquecounter 2019/12/15 v1.4 Provide unlimited unique counter (HO)
)
Package uniquecounter Info: New unique counter `rerunfilecheck' on input line 286.
)
\Hy@SectionHShift=\skip53
) (/usr/local/texlive/2022/texmf-dist/tex/latex/biblatex/biblatex.sty
Package: biblatex 2022/02/02 v3.17 programmable bibliographies (PK/MW)
 (/usr/local/texlive/2022/texmf-dist/tex/latex/etoolbox/etoolbox.sty
Package: etoolbox 2020/10/05 v2.5k e-TeX tools for LaTeX (JAW)
\etb@tempcnta=\count289
) (/usr/local/texlive/2022/texmf-dist/tex/latex/logreq/logreq.sty
Package: logreq 2010/08/04 v1.0 xml request logger
\lrq@indent=\count290
 (/usr/local/texlive/2022/texmf-dist/tex/latex/logreq/logreq.def
File: logreq.def 2010/08/04 v1.0 logreq spec v1.0
)) (/usr/local/texlive/2022/texmf-dist/tex/latex/base/ifthen.sty
Package: ifthen 2020/11/24 v1.1c Standard LaTeX ifthen package (DPC)
)
\c@tabx@nest=\count291
\c@listtotal=\count292
\c@listcount=\count293
\c@liststart=\count294
\c@liststop=\count295
\c@citecount=\count296
\c@citetotal=\count297
\c@multicitecount=\count298
\c@multicitetotal=\count299
\c@instcount=\count300
\c@maxnames=\count301
\c@minnames=\count302
\c@maxitems=\count303
\c@minitems=\count304
\c@citecounter=\count305
\c@maxcitecounter=\count306
\c@savedcitecounter=\count307
\c@uniquelist=\count308
\c@uniquename=\count309
\c@refsection=\count310
\c@refsegment=\count311
\c@maxextratitle=\count312
\c@maxextratitleyear=\count313
\c@maxextraname=\count314
\c@maxextradate=\count315
\c@maxextraalpha=\count316
\c@abbrvpenalty=\count317
\c@highnamepenalty=\count318
\c@lownamepenalty=\count319
\c@maxparens=\count320
\c@parenlevel=\count321
\blx@tempcnta=\count322
\blx@tempcntb=\count323
\blx@tempcntc=\count324
\c@blx@maxsection=\count325
\c@blx@maxsegment@0=\count326
\blx@notetype=\count327
\blx@parenlevel@text=\count328
\blx@parenlevel@foot=\count329
\c@blx@sectionciteorder@0=\count330
\blx@entrysetcounter=\count331
\blx@biblioinstance=\count332
\labelnumberwidth=\skip54
\labelalphawidth=\skip55
\biblabelsep=\skip56
\bibitemsep=\skip57
\bibnamesep=\skip58
\bibinitsep=\skip59
\bibparsep=\skip60
\bibhang=\skip61
\blx@bcfin=\read2
\blx@bcfout=\write3
\blx@langwohyphens=\language87
\c@mincomprange=\count333
\c@maxcomprange=\count334
\c@mincompwidth=\count335
Package biblatex Info: Trying to load biblatex default data model...
Package biblatex Info: ... file 'blx-dm.def' found.
 (/usr/local/texlive/2022/texmf-dist/tex/latex/biblatex/blx-dm.def
File: blx-dm.def 2022/02/02 v3.17 biblatex localization (PK/MW)
)
Package biblatex Info: Trying to load biblatex custom data model...
Package biblatex Info: ... file 'biblatex-dm.cfg' not found.
\c@afterword=\count336
\c@savedafterword=\count337
\c@annotator=\count338
\c@savedannotator=\count339
\c@author=\count340
\c@savedauthor=\count341
\c@bookauthor=\count342
\c@savedbookauthor=\count343
\c@commentator=\count344
\c@savedcommentator=\count345
\c@editor=\count346
\c@savededitor=\count347
\c@editora=\count348
\c@savededitora=\count349
\c@editorb=\count350
\c@savededitorb=\count351
\c@editorc=\count352
\c@savededitorc=\count353
\c@foreword=\count354
\c@savedforeword=\count355
\c@holder=\count356
\c@savedholder=\count357
\c@introduction=\count358
\c@savedintroduction=\count359
\c@namea=\count360
\c@savednamea=\count361
\c@nameb=\count362
\c@savednameb=\count363
\c@namec=\count364
\c@savednamec=\count365
\c@translator=\count366
\c@savedtranslator=\count367
\c@shortauthor=\count368
\c@savedshortauthor=\count369
\c@shorteditor=\count370
\c@savedshorteditor=\count371
\c@labelname=\count372
\c@savedlabelname=\count373
\c@institution=\count374
\c@savedinstitution=\count375
\c@lista=\count376
\c@savedlista=\count377
\c@listb=\count378
\c@savedlistb=\count379
\c@listc=\count380
\c@savedlistc=\count381
\c@listd=\count382
\c@savedlistd=\count383
\c@liste=\count384
\c@savedliste=\count385
\c@listf=\count386
\c@savedlistf=\count387
\c@location=\count388
\c@savedlocation=\count389
\c@organization=\count390
\c@savedorganization=\count391
\c@origlocation=\count392
\c@savedoriglocation=\count393
\c@origpublisher=\count394
\c@savedorigpublisher=\count395
\c@publisher=\count396
\c@savedpublisher=\count397
\c@language=\count398
\c@savedlanguage=\count399
\c@origlanguage=\count400
\c@savedoriglanguage=\count401
\c@pageref=\count402
\c@savedpageref=\count403
\shorthandwidth=\skip62
\shortjournalwidth=\skip63
\shortserieswidth=\skip64
\shorttitlewidth=\skip65
\shortauthorwidth=\skip66
\shorteditorwidth=\skip67
\locallabelnumberwidth=\skip68
\locallabelalphawidth=\skip69
\localshorthandwidth=\skip70
\localshortjournalwidth=\skip71
\localshortserieswidth=\skip72
\localshorttitlewidth=\skip73
\localshortauthorwidth=\skip74
\localshorteditorwidth=\skip75
Package biblatex Info: Trying to load compatibility code...
Package biblatex Info: ... file 'blx-compat.def' found.
 (/usr/local/texlive/2022/texmf-dist/tex/latex/biblatex/blx-compat.def
File: blx-compat.def 2022/02/02 v3.17 biblatex compatibility (PK/MW)
)
Package biblatex Info: Trying to load generic definitions...
Package biblatex Info: ... file 'biblatex.def' found.
 (/usr/local/texlive/2022/texmf-dist/tex/latex/biblatex/biblatex.def
File: biblatex.def 2022/02/02 v3.17 biblatex compatibility (PK/MW)
\c@textcitecount=\count404
\c@textcitetotal=\count405
\c@textcitemaxnames=\count406
\c@biburlbigbreakpenalty=\count407
\c@biburlbreakpenalty=\count408
\c@biburlnumpenalty=\count409
\c@biburlucpenalty=\count410
\c@biburllcpenalty=\count411
\biburlbigskip=\muskip17
\biburlnumskip=\muskip18
\biburlucskip=\muskip19
\biburllcskip=\muskip20
\c@smartand=\count412
)
Package biblatex Info: Trying to load bibliography style 'numeric'...
Package biblatex Info: ... file 'numeric.bbx' found.
 (/usr/local/texlive/2022/texmf-dist/tex/latex/biblatex/bbx/numeric.bbx
File: numeric.bbx 2022/02/02 v3.17 biblatex bibliography style (PK/MW)
Package biblatex Info: Trying to load bibliography style 'standard'...
Package biblatex Info: ... file 'standard.bbx' found.
 (/usr/local/texlive/2022/texmf-dist/tex/latex/biblatex/bbx/standard.bbx
File: standard.bbx 2022/02/02 v3.17 biblatex bibliography style (PK/MW)
\c@bbx:relatedcount=\count413
\c@bbx:relatedtotal=\count414
))
Package biblatex Info: Trying to load citation style 'numeric'...
Package biblatex Info: ... file 'numeric.cbx' found.
 (/usr/local/texlive/2022/texmf-dist/tex/latex/biblatex/cbx/numeric.cbx
File: numeric.cbx 2022/02/02 v3.17 biblatex citation style (PK/MW)
Package biblatex Info: Redefining '\cite'.
Package biblatex Info: Redefining '\parencite'.
Package biblatex Info: Redefining '\footcite'.
Package biblatex Info: Redefining '\footcitetext'.
Package biblatex Info: Redefining '\smartcite'.
Package biblatex Info: Redefining '\supercite'.
Package biblatex Info: Redefining '\textcite'.
Package biblatex Info: Redefining '\textcites'.
Package biblatex Info: Redefining '\cites'.
Package biblatex Info: Redefining '\parencites'.
Package biblatex Info: Redefining '\smartcites'.
)
Package biblatex Info: Trying to load configuration file...
Package biblatex Info: ... file 'biblatex.cfg' found.
 (/usr/local/texlive/2022/texmf-dist/tex/latex/biblatex/biblatex.cfg
File: biblatex.cfg 
)
Package biblatex Info: Input encoding 'utf8' detected.
Package biblatex Info: Document encoding is UTF8 ....
 (/usr/local/texlive/2022/texmf-dist/tex/latex/l3kernel/expl3.sty
Package: expl3 2022-02-24 L3 programming layer (loader) 
 (/usr/local/texlive/2022/texmf-dist/tex/latex/l3backend/l3backend-pdftex.def
File: l3backend-pdftex.def 2022-02-07 L3 backend support: PDF output (pdfTeX)
\l__color_backend_stack_int=\count415
\l__pdf_internal_box=\box95
))
Package biblatex Info: ... and expl3
(biblatex)             2022-02-24 L3 programming layer (loader) 
(biblatex)             is new enough (at least 2020/04/06),
(biblatex)             setting 'casechanger=expl3'.
 (/usr/local/texlive/2022/texmf-dist/tex/latex/biblatex/blx-case-expl3.sty (/usr/local/texlive/2022/texmf-dist/tex/latex/l3packages/xparse/xparse.sty
Package: xparse 2022-01-12 L3 Experimental document command parser
)
Package: blx-case-expl3 2022/02/02 v3.17 expl3 case changing code for biblatex
)) (/usr/local/texlive/2022/texmf-dist/tex/latex/amsmath/amsmath.sty
Package: amsmath 2021/10/15 v2.17l AMS math features
\@mathmargin=\skip76

For additional information on amsmath, use the `?' option.
(/usr/local/texlive/2022/texmf-dist/tex/latex/amsmath/amstext.sty
Package: amstext 2021/08/26 v2.01 AMS text
 (/usr/local/texlive/2022/texmf-dist/tex/latex/amsmath/amsgen.sty
File: amsgen.sty 1999/11/30 v2.0 generic functions
\@emptytoks=\toks18
\ex@=\dimen170
)) (/usr/local/texlive/2022/texmf-dist/tex/latex/amsmath/amsbsy.sty
Package: amsbsy 1999/11/29 v1.2d Bold Symbols
\pmbraise@=\dimen171
) (/usr/local/texlive/2022/texmf-dist/tex/latex/amsmath/amsopn.sty
Package: amsopn 2021/08/26 v2.02 operator names
)
\inf@bad=\count416
LaTeX Info: Redefining \frac on input line 234.
\uproot@=\count417
\leftroot@=\count418
LaTeX Info: Redefining \overline on input line 399.
\classnum@=\count419
\DOTSCASE@=\count420
LaTeX Info: Redefining \ldots on input line 496.
LaTeX Info: Redefining \dots on input line 499.
LaTeX Info: Redefining \cdots on input line 620.
\Mathstrutbox@=\box96
\strutbox@=\box97
\big@size=\dimen172
LaTeX Font Info:    Redeclaring font encoding OML on input line 743.
LaTeX Font Info:    Redeclaring font encoding OMS on input line 744.
\macc@depth=\count421
\c@MaxMatrixCols=\count422
\dotsspace@=\muskip21
\c@parentequation=\count423
\dspbrk@lvl=\count424
\tag@help=\toks19
\row@=\count425
\column@=\count426
\maxfields@=\count427
\andhelp@=\toks20
\eqnshift@=\dimen173
\alignsep@=\dimen174
\tagshift@=\dimen175
\tagwidth@=\dimen176
\totwidth@=\dimen177
\lineht@=\dimen178
\@envbody=\toks21
\multlinegap=\skip77
\multlinetaggap=\skip78
\mathdisplay@stack=\toks22
LaTeX Info: Redefining \[ on input line 2938.
LaTeX Info: Redefining \] on input line 2939.
) (/usr/local/texlive/2022/texmf-dist/tex/latex/tools/tabularx.sty
Package: tabularx 2020/01/15 v2.11c `tabularx' package (DPC)
 (/usr/local/texlive/2022/texmf-dist/tex/latex/tools/array.sty
Package: array 2021/10/04 v2.5f Tabular extension package (FMi)
\col@sep=\dimen179
\ar@mcellbox=\box98
\extrarowheight=\dimen180
\NC@list=\toks23
\extratabsurround=\skip79
\backup@length=\skip80
\ar@cellbox=\box99
)
\TX@col@width=\dimen181
\TX@old@table=\dimen182
\TX@old@col=\dimen183
\TX@target=\dimen184
\TX@delta=\dimen185
\TX@cols=\count428
\TX@ftn=\toks24
)
\@quotelevel=\count429
\@quotereset=\count430
 (build/report.aux)
\openout1 = `report.aux'.

LaTeX Font Info:    Checking defaults for OML/cmm/m/it on input line 29.
LaTeX Font Info:    ... okay on input line 29.
LaTeX Font Info:    Checking defaults for OMS/cmsy/m/n on input line 29.
LaTeX Font Info:    ... okay on input line 29.
LaTeX Font Info:    Checking defaults for OT1/cmr/m/n on input line 29.
LaTeX Font Info:    ... okay on input line 29.
LaTeX Font Info:    Checking defaults for T1/cmr/m/n on input line 29.
LaTeX Font Info:    ... okay on input line 29.
LaTeX Font Info:    Checking defaults for TS1/cmr/m/n on input line 29.
LaTeX Font Info:    ... okay on input line 29.
LaTeX Font Info:    Checking defaults for OMX/cmex/m/n on input line 29.
LaTeX Font Info:    ... okay on input line 29.
LaTeX Font Info:    Checking defaults for U/cmr/m/n on input line 29.
LaTeX Font Info:    ... okay on input line 29.
LaTeX Font Info:    Checking defaults for PD1/pdf/m/n on input line 29.
LaTeX Font Info:    ... okay on input line 29.
LaTeX Font Info:    Checking defaults for PU/pdf/m/n on input line 29.
LaTeX Font Info:    ... okay on input line 29.

*geometry* driver: auto-detecting
*geometry* detected driver: pdftex
*geometry* verbose mode - [ preamble ] result:
* driver: pdftex
* paper: a4paper
* layout: <same size as paper>
* layoutoffset:(h,v)=(0.0pt,0.0pt)
* modes: 
* h-part:(L,W,R)=(72.26999pt, 452.9679pt, 72.26999pt)
* v-part:(T,H,B)=(72.26999pt, 700.50687pt, 72.26999pt)
* \paperwidth=597.50787pt
* \paperheight=845.04684pt
* \textwidth=452.9679pt
* \textheight=700.50687pt
* \oddsidemargin=0.0pt
* \evensidemargin=0.0pt
* \topmargin=-37.0pt
* \headheight=12.0pt
* \headsep=25.0pt
* \topskip=11.0pt
* \footskip=30.0pt
* \marginparwidth=50.0pt
* \marginparsep=10.0pt
* \columnsep=10.0pt
* \skip\footins=10.0pt plus 4.0pt minus 2.0pt
* \hoffset=0.0pt
* \voffset=0.0pt
* \mag=1000
* \@twocolumnfalse
* \@twosidefalse
* \@mparswitchfalse
* \@reversemarginfalse
* (1in=72.27pt=25.4mm, 1cm=28.453pt)

Package caption Info: Begin \AtBeginDocument code.
Package caption Info: hyperref package is loaded.
Package caption Info: End \AtBeginDocument code.
(/usr/local/texlive/2022/texmf-dist/tex/context/base/mkii/supp-pdf.mkii
[Loading MPS to PDF converter (version 2006.09.02).]
\scratchcounter=\count431
\scratchdimen=\dimen186
\scratchbox=\box100
\nofMPsegments=\count432
\nofMParguments=\count433
\everyMPshowfont=\toks25
\MPscratchCnt=\count434
\MPscratchDim=\dimen187
\MPnumerator=\count435
\makeMPintoPDFobject=\count436
\everyMPtoPDFconversion=\toks26
) (/usr/local/texlive/2022/texmf-dist/tex/latex/epstopdf-pkg/epstopdf-base.sty
Package: epstopdf-base 2020-01-24 v2.11 Base part for package epstopdf
Package epstopdf-base Info: Redefining graphics rule for `.eps' on input line 485.
 (/usr/local/texlive/2022/texmf-dist/tex/latex/latexconfig/epstopdf-sys.cfg
File: epstopdf-sys.cfg 2010/07/13 v1.3 Configuration of (r)epstopdf for TeX Live
))
Package hyperref Info: Link coloring OFF on input line 29.
 (/usr/local/texlive/2022/texmf-dist/tex/latex/hyperref/nameref.sty
Package: nameref 2021-04-02 v2.47 Cross-referencing by name of section
 (/usr/local/texlive/2022/texmf-dist/tex/latex/refcount/refcount.sty
Package: refcount 2019/12/15 v3.6 Data extraction from label references (HO)
) (/usr/local/texlive/2022/texmf-dist/tex/generic/gettitlestring/gettitlestring.sty
Package: gettitlestring 2019/12/15 v1.6 Cleanup title references (HO)
)
\c@section@level=\count437
)
LaTeX Info: Redefining \ref on input line 29.
LaTeX Info: Redefining \pageref on input line 29.
LaTeX Info: Redefining \nameref on input line 29.
 (build/report.out) (build/report.out)
\@outlinefile=\write4
\openout4 = `report.out'.

Package biblatex Info: Trying to load language 'english'...
Package biblatex Info: ... file 'english.lbx' found.
 (/usr/local/texlive/2022/texmf-dist/tex/latex/biblatex/lbx/english.lbx
File: english.lbx 2022/02/02 v3.17 biblatex localization (PK/MW)
)
Package biblatex Info: Input encoding 'utf8' detected.
Package biblatex Info: Automatic encoding selection.
(biblatex)             Assuming data encoding 'utf8'.
\openout3 = `report.bcf'.

Package biblatex Info: Trying to load bibliographic data...
Package biblatex Info: ... file 'report.bbl' found.
 (build/report.bbl)
Package biblatex Info: Reference section=0 on input line 29.
Package biblatex Info: Reference segment=0 on input line 29.
 [1

{/usr/local/texlive/2022/texmf-var/fonts/map/pdftex/updmap/pdftex.map}]
Underfull \hbox (badness 10000) in paragraph at lines 82--82
[]\OT1/cmr/bx/n/10.95 Non-metric mul-ti-di-men-sional
 []


Underfull \hbox (badness 10000) in paragraph at lines 98--98
[]\OT1/cmr/bx/n/10.95 Generalized mul-ti-di-men-sional
 []


Underfull \hbox (badness 10000) in paragraph at lines 101--101
[]\OT1/cmr/bx/n/12 Topology-based Mul-ti-di-men-
 []

[2]
Underfull \hbox (badness 10000) in paragraph at lines 104--104
[]\OT1/cmr/bx/n/12 Topology-based Mul-ti-di-men-
 []


Underfull \hbox (badness 10000) in paragraph at lines 105--106
\OT1/cmr/m/n/10.95 TopoMap[[]2[]] pro-vides an in-depth com-
 []


Underfull \hbox (badness 10000) in paragraph at lines 105--106
\OT1/cmr/m/n/10.95 par-i-son to mul-ti-ple Mul-ti-di-men-sional
 []


Underfull \hbox (badness 10000) in paragraph at lines 105--106
\OT1/cmr/m/n/10.95 Scal-ing(MDP)/Multidimensional Pro-jec-
 []

<./images//original_topomap.png, id=112, 681.54625pt x 381.425pt>
File: ./images//original_topomap.png Graphic file (type png)
<use ./images//original_topomap.png>
Package pdftex.def Info: ./images//original_topomap.png  used on input line 115.
(pdftex.def)             Requested size: 221.48395pt x 123.95001pt.

Package caption Warning: The option `hypcap=true' will be ignored for this
(caption)                particular \caption on input line 116.
See the caption package documentation for explanation.

[3 <./images//original_topomap.png>]
<./images//tree_based_hull_alignment.png, id=126, 603.25375pt x 423.5825pt>
File: ./images//tree_based_hull_alignment.png Graphic file (type png)
<use ./images//tree_based_hull_alignment.png>
Package pdftex.def Info: ./images//tree_based_hull_alignment.png  used on input line 124.
(pdftex.def)             Requested size: 452.96388pt x 170.7162pt.
<./images//mst.png, id=127, 536.0025pt x 250.9375pt>
File: ./images//mst.png Graphic file (type png)
<use ./images//mst.png>
Package pdftex.def Info: ./images//mst.png  used on input line 131.
(pdftex.def)             Requested size: 221.48395pt x 103.68912pt.


Package caption Warning: The option `hypcap=true' will be ignored for this
(caption)                particular \caption on input line 132.
See the caption package documentation for explanation.

<./images//hull_alignment.png, id=129, 789.95125pt x 287.0725pt>
File: ./images//hull_alignment.png Graphic file (type png)
<use ./images//hull_alignment.png>
Package pdftex.def Info: ./images//hull_alignment.png  used on input line 139.
(pdftex.def)             Requested size: 221.48395pt x 80.48926pt.

Package caption Warning: The option `hypcap=true' will be ignored for this
(caption)                particular \caption on input line 140.
See the caption package documentation for explanation.

[4 <./images//tree_based_hull_alignment.png> <./images//mst.png> <./images//hull_alignment.png>]
<./images//iris_euclidian_distance_1.png, id=140, 433.62pt x 289.08pt>
File: ./images//iris_euclidian_distance_1.png Graphic file (type png)
<use ./images//iris_euclidian_distance_1.png>
Package pdftex.def Info: ./images//iris_euclidian_distance_1.png  used on input line 156.
(pdftex.def)             Requested size: 135.89174pt x 90.59311pt.
<./images//wine_euclidian_distance_1.png, id=141, 433.62pt x 289.08pt>
File: ./images//wine_euclidian_distance_1.png Graphic file (type png)
<use ./images//wine_euclidian_distance_1.png>
Package pdftex.def Info: ./images//wine_euclidian_distance_1.png  used on input line 163.
(pdftex.def)             Requested size: 135.89174pt x 90.59311pt.
<./images//breast_cancer_euclidian_distance_1.png, id=142, 433.62pt x 289.08pt>
File: ./images//breast_cancer_euclidian_distance_1.png Graphic file (type png)
<use ./images//breast_cancer_euclidian_distance_1.png>
Package pdftex.def Info: ./images//breast_cancer_euclidian_distance_1.png  used on input line 170.
(pdftex.def)             Requested size: 135.89174pt x 90.59311pt.
<./images//iris_angle_1.png, id=143, 433.62pt x 289.08pt>
File: ./images//iris_angle_1.png Graphic file (type png)
<use ./images//iris_angle_1.png>
Package pdftex.def Info: ./images//iris_angle_1.png  used on input line 182.
(pdftex.def)             Requested size: 135.89174pt x 90.59311pt.
<./images//wine_angle_1.png, id=144, 433.62pt x 289.08pt>
File: ./images//wine_angle_1.png Graphic file (type png)
<use ./images//wine_angle_1.png>
Package pdftex.def Info: ./images//wine_angle_1.png  used on input line 189.
(pdftex.def)             Requested size: 135.89174pt x 90.59311pt.
<./images//breast_cancer_angle_1.png, id=145, 433.62pt x 289.08pt>
File: ./images//breast_cancer_angle_1.png Graphic file (type png)
<use ./images//breast_cancer_angle_1.png>
Package pdftex.def Info: ./images//breast_cancer_angle_1.png  used on input line 196.
(pdftex.def)             Requested size: 135.89174pt x 90.59311pt.
 [5 <./images//iris_euclidian_distance_1.png> <./images//wine_euclidian_distance_1.png> <./images//breast_cancer_euclidian_distance_1.png> <./images//iris_angle_1.png> <./images//wine_angle_1.png> <./images//breast_cancer_angle_1.png>] [6] (build/report.aux)
Package rerunfilecheck Info: File `report.out' has not changed.
(rerunfilecheck)             Checksum: 6D849B85AF310ADB3DB3BD66AAEC291E;3233.
Package logreq Info: Writing requests to 'report.run.xml'.
\openout1 = `report.run.xml'.

 ) 
Here is how much of TeX's memory you used:
 18672 strings out of 478268
 331421 string characters out of 5846347
 1041294 words of memory out of 5000000
 36654 multiletter control sequences out of 15000+600000
 475781 words of font info for 51 fonts, out of 8000000 for 9000
 1141 hyphenation exceptions out of 8191
 60i,8n,68p,1585b,1283s stack positions out of 10000i,1000n,20000p,200000b,200000s
</usr/local/texlive/2022/texmf-dist/fonts/type1/public/amsfonts/cm/cmbx10.pfb></usr/local/texlive/2022/texmf-dist/fonts/type1/public/amsfonts/cm/cmbx12.pfb></usr/local/texlive/2022/texmf-dist/fonts/type1/public/amsfonts/cm/cmcsc10.pfb></usr/local/texlive/2022/texmf-dist/fonts/type1/public/amsfonts/cm/cmex10.pfb></usr/local/texlive/2022/texmf-dist/fonts/type1/public/amsfonts/cm/cmmi10.pfb></usr/local/texlive/2022/texmf-dist/fonts/type1/public/amsfonts/cm/cmmi8.pfb></usr/local/texlive/2022/texmf-dist/fonts/type1/public/amsfonts/cm/cmr10.pfb></usr/local/texlive/2022/texmf-dist/fonts/type1/public/amsfonts/cm/cmr12.pfb></usr/local/texlive/2022/texmf-dist/fonts/type1/public/amsfonts/cm/cmr17.pfb></usr/local/texlive/2022/texmf-dist/fonts/type1/public/amsfonts/cm/cmr8.pfb></usr/local/texlive/2022/texmf-dist/fonts/type1/public/amsfonts/cm/cmsy10.pfb></usr/local/texlive/2022/texmf-dist/fonts/type1/public/amsfonts/cm/cmsy8.pfb></usr/local/texlive/2022/texmf-dist/fonts/type1/public/amsfonts/cm/cmti10.pfb></usr/local/texlive/2022/texmf-dist/fonts/type1/public/amsfonts/cm/cmtt10.pfb></usr/local/texlive/2022/texmf-dist/fonts/type1/public/amsfonts/cm/cmtt12.pfb>
Output written on build/report.pdf (6 pages, 624894 bytes).
PDF statistics:
 243 PDF objects out of 1000 (max. 8388607)
 183 compressed objects within 2 object streams
 36 named destinations out of 1000 (max. 500000)
 187 words of extra memory for PDF output out of 10000 (max. 10000000)

